<?xml version="1.0" encoding="UTF-8"?>
<testsuite xmlns:xsi="http://www.w3.org/2001/XMLSchema-instance" xsi:noNamespaceSchemaLocation="https://maven.apache.org/surefire/maven-surefire-plugin/xsd/surefire-test-report-3.0.xsd" version="3.0" name="lightning.LatticeGridTest" time="0.897" tests="1" errors="0" skipped="0" failures="0">
  <properties>
[...]
</properties>
  <testcase name="testLatticeGrid" classname="lightning.LatticeGridTest" time="0.849">
    <system-out><![CDATA[LatticeCode: 8
Tile(2, 1) has Lattice on Top: true
LatticeCode: 10
Tile(2, 2) has Lattice on Bottom: true
LatticeCode: 10
Tile(2, 2) has Lattice on Top: true
LatticeCode: 2
Tile(2, 3) has Lattice on Bottom: true
LatticeCode: 4
Tile(4, 5) has Lattice on Right: true
LatticeCode: 1
Tile(5, 5) has Lattice on Left: true
LatticeCode: 4
Tile(6, 7) has Lattice on Right: true
LatticeCode: 5
Tile(7, 7) has Lattice on Right: true
LatticeCode: 5
Tile(7, 7) has Lattice on Left: true
LatticeCode: 1
Tile(8, 7) has Lattice on Left: true
AffectedTiles: 8
]]></system-out>
  </testcase>
</testsuite>