<?xml version="1.0" encoding="UTF-8"?>
<testsuite xmlns:xsi="http://www.w3.org/2001/XMLSchema-instance" xsi:noNamespaceSchemaLocation="https://maven.apache.org/surefire/maven-surefire-plugin/xsd/surefire-test-report-3.0.xsd" version="3.0" name="lightning.LatticeTileGridCanvasTest" time="0.714" tests="7" errors="0" skipped="0" failures="0">
  <properties>
[...]
</properties>
  <testcase name="halfIsolatedTest" classname="lightning.LatticeTileGridCanvasTest" time="0.634">
    <system-out><![CDATA[Half isolated Test.

One of the short a ways
(0, 0)
(1, 0)
(2, 1)
(2, 2)


One of the long a ways
(0, 0)
(0, 1)
(1, 0)
(2, 0)
(1, 1)
(0, 2)
(1, 2)
(2, 1)
(2, 2)

Successful Snakes: 68
Final Snakes: 126

]]></system-out>
  </testcase>
  <testcase name="reversedEndAndStartUntilTheyDeadTest" classname="lightning.LatticeTileGridCanvasTest" time="0.018">
    <system-out><![CDATA[Until they Dead Test! Swap start/end
Final Snakes: 73
Successful Snakes: 39
]]></system-out>
  </testcase>
  <testcase name="optionsTest" classname="lightning.LatticeTileGridCanvasTest" time="0.002">
    <system-out><![CDATA[
Options Test.
]]></system-out>
  </testcase>
  <testcase name="divergenceTest" classname="lightning.LatticeTileGridCanvasTest" time="0.01">
    <system-out><![CDATA[
Divergence Test.
The new Snake Set Size: 1
Head: P(0, 1)
Head of Snake(0): P(0, 2)
Head of Snake(1): P(1, 2)
]]></system-out>
  </testcase>
  <testcase name="anotherDivergenceTest" classname="lightning.LatticeTileGridCanvasTest" time="0.01">
    <system-out><![CDATA[
Another Divergence Test.
The new Snake Set Size: 1
Head: P(1, 0)
Head(0):P(2, 0)
Head(1):P(2, 1)
]]></system-out>
  </testcase>
  <testcase name="untilTheyDeadTest" classname="lightning.LatticeTileGridCanvasTest" time="0.004">
    <system-out><![CDATA[
Until they Dead Test!
Final Snakes: 32
Successful Snakes: 16
]]></system-out>
  </testcase>
  <testcase name="anotherUntilTheyDeadTest" classname="lightning.LatticeTileGridCanvasTest" time="0.01">
    <system-out><![CDATA[
Until they Dead Test!

Found a way
(0, 0)
(1, 0)
(2, 0)
(3, 0)
(3, 1)
(3, 2)
(3, 3)

Successful Snakes: 4
Final Snakes: 5
]]></system-out>
  </testcase>
</testsuite>