<?xml version="1.0" encoding="UTF-8"?>
<testsuite xmlns:xsi="http://www.w3.org/2001/XMLSchema-instance" xsi:noNamespaceSchemaLocation="https://maven.apache.org/surefire/maven-surefire-plugin/xsd/surefire-test-report-3.0.xsd" version="3.0" name="lightning.SnakeTests" time="9.141" tests="12" errors="0" skipped="0" failures="0">
  <properties>
[...]
</properties>
  <testcase name="testSnakeGrowExceptionDoublePoint" classname="lightning.SnakeTests" time="0.759">
    <system-out><![CDATA[New Head already contained.
]]></system-out>
  </testcase>
  <testcase name="testSnakeConstructorExceptionEmptyArgument" classname="lightning.SnakeTests" time="0.754">
    <system-out><![CDATA[Constructor argument is empty.
]]></system-out>
  </testcase>
  <testcase name="testSnakeConstructorExceptionNullGap" classname="lightning.SnakeTests" time="0.756">
    <system-out><![CDATA[Constructor argument contains null.
]]></system-out>
  </testcase>
  <testcase name="testSnakeGrowth" classname="lightning.SnakeTests" time="0.757"/>
  <testcase name="testSnakeConstructorSelfCrossing" classname="lightning.SnakeTests" time="0.757">
    <system-out><![CDATA[In Argument is a self crossing contained.
]]></system-out>
  </testcase>
  <testcase name="testSnakeConstructorExceptionNullArgument" classname="lightning.SnakeTests" time="0.754">
    <system-out><![CDATA[Constructor argument is null.
]]></system-out>
  </testcase>
  <testcase name="testSnakeConstructor" classname="lightning.SnakeTests" time="0.756"/>
  <testcase name="testSnakeConstructorDoublePoint" classname="lightning.SnakeTests" time="0.759">
    <system-out><![CDATA[Argument has at least two identical Points
]]></system-out>
  </testcase>
  <testcase name="testSnakeGrowException" classname="lightning.SnakeTests" time="0.757">
    <system-out><![CDATA[New Head not near by!
]]></system-out>
  </testcase>
  <testcase name="testSnakeGrowExceptionSelfCrossing" classname="lightning.SnakeTests" time="0.755">
    <system-out><![CDATA[Selfcrossing not allowed.
Selfcrossing not allowed.
]]></system-out>
  </testcase>
  <testcase name="testSnakeConstructorExceptionDistanceGap" classname="lightning.SnakeTests" time="0.762">
    <system-out><![CDATA[At least two consecutive Points are not near each other.
]]></system-out>
  </testcase>
  <testcase name="testSnakeClone" classname="lightning.SnakeTests" time="0.755"/>
</testsuite>